<?xml version="1.0" encoding="UTF-8"?>
<!-- Generated by org.testng.reporters.JUnitReportReporter -->
<testsuite hostname="macyeay.local" failures="0" tests="2" name="com.testorangehrm.runner.Runner" time="12.431" errors="0" timestamp="2024-09-14T16:44:19 WIB" skipped="0">
  <testcase classname="com.testorangehrm.runner.Runner" name="runScenario" time="6.508"/>
  <testcase classname="com.testorangehrm.runner.Runner" name="runScenario" time="5.923"/>
</testsuite> <!-- com.testorangehrm.runner.Runner -->
